This file contains any messages produced by compilers while
running configure, to aid debugging if configure makes a mistake.

It was created by spawn-fcgi configure 1.6.0, which was
generated by GNU Autoconf 2.69.  Invocation command line was

  $ ./configure 

## --------- ##
## Platform. ##
## --------- ##

hostname = VM-8-14-centos
uname -m = x86_64
uname -r = 3.10.0-1160.71.1.el7.x86_64
uname -s = Linux
uname -v = #1 SMP Tue Jun 28 15:37:28 UTC 2022

/usr/bin/uname -p = x86_64
/bin/uname -X     = unknown

/bin/arch              = x86_64
/usr/bin/arch -k       = unknown
/usr/convex/getsysinfo = unknown
/usr/bin/hostinfo      = unknown
/bin/machine           = unknown
/usr/bin/oslevel       = unknown
/bin/universe          = unknown

PATH: /usr/local/sbin
PATH: /usr/local/bin
PATH: /usr/sbin
PATH: /usr/bin
PATH: /root/bin


## ----------- ##
## Core tests. ##
## ----------- ##

configure:2241: checking for a BSD-compatible install
configure:2309: result: /usr/bin/install -c
configure:2320: checking whether build environment is sane
configure:2375: result: yes
configure:2413: WARNING: 'missing' script is too old or missing
configure:2526: checking for a thread-safe mkdir -p
configure:2565: result: /usr/bin/mkdir -p
configure:2572: checking for gawk
configure:2588: found /usr/bin/gawk
configure:2599: result: gawk
configure:2610: checking whether make sets $(MAKE)
configure:2632: result: yes
configure:2661: checking whether make supports nested variables
configure:2678: result: yes
configure:2812: checking for gcc
configure:2828: found /usr/bin/gcc
configure:2839: result: gcc
configure:3068: checking for C compiler version
configure:3077: gcc --version >&5
gcc (GCC) 4.8.5 20150623 (Red Hat 4.8.5-44)
Copyright (C) 2015 Free Software Foundation, Inc.
This is free software; see the source for copying conditions.  There is NO
warranty; not even for MERCHANTABILITY or FITNESS FOR A PARTICULAR PURPOSE.

configure:3088: $? = 0
configure:3077: gcc -v >&5
Using built-in specs.
COLLECT_GCC=gcc
COLLECT_LTO_WRAPPER=/usr/libexec/gcc/x86_64-redhat-linux/4.8.5/lto-wrapper
Target: x86_64-redhat-linux
Configured with: ../configure --prefix=/usr --mandir=/usr/share/man --infodir=/usr/share/info --with-bugurl=http://bugzilla.redhat.com/bugzilla --enable-bootstrap --enable-shared --enable-threads=posix --enable-checking=release --with-system-zlib --enable-__cxa_atexit --disable-libunwind-exceptions --enable-gnu-unique-object --enable-linker-build-id --with-linker-hash-style=gnu --enable-languages=c,c++,objc,obj-c++,java,fortran,ada,go,lto --enable-plugin --enable-initfini-array --disable-libgcj --with-isl=/builddir/build/BUILD/gcc-4.8.5-20150702/obj-x86_64-redhat-linux/isl-install --with-cloog=/builddir/build/BUILD/gcc-4.8.5-20150702/obj-x86_64-redhat-linux/cloog-install --enable-gnu-indirect-function --with-tune=generic --with-arch_32=x86-64 --build=x86_64-redhat-linux
Thread model: posix
gcc version 4.8.5 20150623 (Red Hat 4.8.5-44) (GCC) 
configure:3088: $? = 0
configure:3077: gcc -V >&5
gcc: error: unrecognized command line option '-V'
gcc: fatal error: no input files
compilation terminated.
configure:3088: $? = 4
configure:3077: gcc -qversion >&5
gcc: error: unrecognized command line option '-qversion'
gcc: fatal error: no input files
compilation terminated.
configure:3088: $? = 4
configure:3108: checking whether the C compiler works
configure:3130: gcc    conftest.c  >&5
configure:3134: $? = 0
configure:3182: result: yes
configure:3185: checking for C compiler default output file name
configure:3187: result: a.out
configure:3193: checking for suffix of executables
configure:3200: gcc -o conftest    conftest.c  >&5
configure:3204: $? = 0
configure:3226: result: 
configure:3248: checking whether we are cross compiling
configure:3256: gcc -o conftest    conftest.c  >&5
configure:3260: $? = 0
configure:3267: ./conftest
configure:3271: $? = 0
configure:3286: result: no
configure:3291: checking for suffix of object files
configure:3313: gcc -c   conftest.c >&5
configure:3317: $? = 0
configure:3338: result: o
configure:3342: checking whether we are using the GNU C compiler
configure:3361: gcc -c   conftest.c >&5
configure:3361: $? = 0
configure:3370: result: yes
configure:3379: checking whether gcc accepts -g
configure:3399: gcc -c -g  conftest.c >&5
configure:3399: $? = 0
configure:3440: result: yes
configure:3457: checking for gcc option to accept ISO C89
configure:3520: gcc  -c -g -O2  conftest.c >&5
configure:3520: $? = 0
configure:3533: result: none needed
configure:3564: checking for style of include used by make
configure:3592: result: GNU
configure:3618: checking dependency style of gcc
configure:3729: result: gcc3
configure:3744: checking whether make sets $(MAKE)
configure:3766: result: yes
configure:3785: checking how to run the C preprocessor
configure:3816: gcc -E  conftest.c
configure:3816: $? = 0
configure:3830: gcc -E  conftest.c
conftest.c:11:28: fatal error: ac_nonexistent.h: No such file or directory
 #include <ac_nonexistent.h>
                            ^
compilation terminated.
configure:3830: $? = 1
configure: failed program was:
| /* confdefs.h */
| #define PACKAGE_NAME "spawn-fcgi"
| #define PACKAGE_TARNAME "spawn-fcgi"
| #define PACKAGE_VERSION "1.6.0"
| #define PACKAGE_STRING "spawn-fcgi 1.6.0"
| #define PACKAGE_BUGREPORT ""
| #define PACKAGE_URL ""
| #define PACKAGE "spawn-fcgi"
| #define VERSION "1.6.0"
| /* end confdefs.h.  */
| #include <ac_nonexistent.h>
configure:3855: result: gcc -E
configure:3875: gcc -E  conftest.c
configure:3875: $? = 0
configure:3889: gcc -E  conftest.c
conftest.c:11:28: fatal error: ac_nonexistent.h: No such file or directory
 #include <ac_nonexistent.h>
                            ^
compilation terminated.
configure:3889: $? = 1
configure: failed program was:
| /* confdefs.h */
| #define PACKAGE_NAME "spawn-fcgi"
| #define PACKAGE_TARNAME "spawn-fcgi"
| #define PACKAGE_VERSION "1.6.0"
| #define PACKAGE_STRING "spawn-fcgi 1.6.0"
| #define PACKAGE_BUGREPORT ""
| #define PACKAGE_URL ""
| #define PACKAGE "spawn-fcgi"
| #define VERSION "1.6.0"
| /* end confdefs.h.  */
| #include <ac_nonexistent.h>
configure:3918: checking for grep that handles long lines and -e
configure:3976: result: /usr/bin/grep
configure:3981: checking for egrep
configure:4043: result: /usr/bin/grep -E
configure:4048: checking for ANSI C header files
configure:4068: gcc -c -g -O2  conftest.c >&5
configure:4068: $? = 0
configure:4141: gcc -o conftest -g -O2   conftest.c  >&5
configure:4141: $? = 0
configure:4141: ./conftest
configure:4141: $? = 0
configure:4152: result: yes
configure:4160: checking for sys/wait.h that is POSIX.1 compatible
configure:4186: gcc -c -g -O2  conftest.c >&5
configure:4186: $? = 0
configure:4193: result: yes
configure:4206: checking for sys/types.h
configure:4206: gcc -c -g -O2  conftest.c >&5
configure:4206: $? = 0
configure:4206: result: yes
configure:4206: checking for sys/stat.h
configure:4206: gcc -c -g -O2  conftest.c >&5
configure:4206: $? = 0
configure:4206: result: yes
configure:4206: checking for stdlib.h
configure:4206: gcc -c -g -O2  conftest.c >&5
configure:4206: $? = 0
configure:4206: result: yes
configure:4206: checking for string.h
configure:4206: gcc -c -g -O2  conftest.c >&5
configure:4206: $? = 0
configure:4206: result: yes
configure:4206: checking for memory.h
configure:4206: gcc -c -g -O2  conftest.c >&5
configure:4206: $? = 0
configure:4206: result: yes
configure:4206: checking for strings.h
configure:4206: gcc -c -g -O2  conftest.c >&5
configure:4206: $? = 0
configure:4206: result: yes
configure:4206: checking for inttypes.h
configure:4206: gcc -c -g -O2  conftest.c >&5
configure:4206: $? = 0
configure:4206: result: yes
configure:4206: checking for stdint.h
configure:4206: gcc -c -g -O2  conftest.c >&5
configure:4206: $? = 0
configure:4206: result: yes
configure:4206: checking for unistd.h
configure:4206: gcc -c -g -O2  conftest.c >&5
configure:4206: $? = 0
configure:4206: result: yes
configure:4224: checking arpa/inet.h usability
configure:4224: gcc -c -g -O2  conftest.c >&5
configure:4224: $? = 0
configure:4224: result: yes
configure:4224: checking arpa/inet.h presence
configure:4224: gcc -E  conftest.c
configure:4224: $? = 0
configure:4224: result: yes
configure:4224: checking for arpa/inet.h
configure:4224: result: yes
configure:4224: checking errno.h usability
configure:4224: gcc -c -g -O2  conftest.c >&5
configure:4224: $? = 0
configure:4224: result: yes
configure:4224: checking errno.h presence
configure:4224: gcc -E  conftest.c
configure:4224: $? = 0
configure:4224: result: yes
configure:4224: checking for errno.h
configure:4224: result: yes
configure:4224: checking fcntl.h usability
configure:4224: gcc -c -g -O2  conftest.c >&5
configure:4224: $? = 0
configure:4224: result: yes
configure:4224: checking fcntl.h presence
configure:4224: gcc -E  conftest.c
configure:4224: $? = 0
configure:4224: result: yes
configure:4224: checking for fcntl.h
configure:4224: result: yes
configure:4224: checking getopt.h usability
configure:4224: gcc -c -g -O2  conftest.c >&5
configure:4224: $? = 0
configure:4224: result: yes
configure:4224: checking getopt.h presence
configure:4224: gcc -E  conftest.c
configure:4224: $? = 0
configure:4224: result: yes
configure:4224: checking for getopt.h
configure:4224: result: yes
configure:4224: checking grp.h usability
configure:4224: gcc -c -g -O2  conftest.c >&5
configure:4224: $? = 0
configure:4224: result: yes
configure:4224: checking grp.h presence
configure:4224: gcc -E  conftest.c
configure:4224: $? = 0
configure:4224: result: yes
configure:4224: checking for grp.h
configure:4224: result: yes
configure:4224: checking netdb.h usability
configure:4224: gcc -c -g -O2  conftest.c >&5
configure:4224: $? = 0
configure:4224: result: yes
configure:4224: checking netdb.h presence
configure:4224: gcc -E  conftest.c
configure:4224: $? = 0
configure:4224: result: yes
configure:4224: checking for netdb.h
configure:4224: result: yes
configure:4224: checking netinet/in.h usability
configure:4224: gcc -c -g -O2  conftest.c >&5
configure:4224: $? = 0
configure:4224: result: yes
configure:4224: checking netinet/in.h presence
configure:4224: gcc -E  conftest.c
configure:4224: $? = 0
configure:4224: result: yes
configure:4224: checking for netinet/in.h
configure:4224: result: yes
configure:4224: checking netinet/tcp.h usability
configure:4224: gcc -c -g -O2  conftest.c >&5
configure:4224: $? = 0
configure:4224: result: yes
configure:4224: checking netinet/tcp.h presence
configure:4224: gcc -E  conftest.c
configure:4224: $? = 0
configure:4224: result: yes
configure:4224: checking for netinet/tcp.h
configure:4224: result: yes
configure:4224: checking pwd.h usability
configure:4224: gcc -c -g -O2  conftest.c >&5
configure:4224: $? = 0
configure:4224: result: yes
configure:4224: checking pwd.h presence
configure:4224: gcc -E  conftest.c
configure:4224: $? = 0
configure:4224: result: yes
configure:4224: checking for pwd.h
configure:4224: result: yes
configure:4224: checking stdio.h usability
configure:4224: gcc -c -g -O2  conftest.c >&5
configure:4224: $? = 0
configure:4224: result: yes
configure:4224: checking stdio.h presence
configure:4224: gcc -E  conftest.c
configure:4224: $? = 0
configure:4224: result: yes
configure:4224: checking for stdio.h
configure:4224: result: yes
configure:4224: checking for stdlib.h
configure:4224: result: yes
configure:4224: checking for string.h
configure:4224: result: yes
configure:4224: checking sys/ioctl.h usability
configure:4224: gcc -c -g -O2  conftest.c >&5
configure:4224: $? = 0
configure:4224: result: yes
configure:4224: checking sys/ioctl.h presence
configure:4224: gcc -E  conftest.c
configure:4224: $? = 0
configure:4224: result: yes
configure:4224: checking for sys/ioctl.h
configure:4224: result: yes
configure:4224: checking sys/socket.h usability
configure:4224: gcc -c -g -O2  conftest.c >&5
configure:4224: $? = 0
configure:4224: result: yes
configure:4224: checking sys/socket.h presence
configure:4224: gcc -E  conftest.c
configure:4224: $? = 0
configure:4224: result: yes
configure:4224: checking for sys/socket.h
configure:4224: result: yes
configure:4224: checking for sys/stat.h
configure:4224: result: yes
configure:4224: checking sys/time.h usability
configure:4224: gcc -c -g -O2  conftest.c >&5
configure:4224: $? = 0
configure:4224: result: yes
configure:4224: checking sys/time.h presence
configure:4224: gcc -E  conftest.c
configure:4224: $? = 0
configure:4224: result: yes
configure:4224: checking for sys/time.h
configure:4224: result: yes
configure:4224: checking for sys/types.h
configure:4224: result: yes
configure:4224: checking sys/un.h usability
configure:4224: gcc -c -g -O2  conftest.c >&5
configure:4224: $? = 0
configure:4224: result: yes
configure:4224: checking sys/un.h presence
configure:4224: gcc -E  conftest.c
configure:4224: $? = 0
configure:4224: result: yes
configure:4224: checking for sys/un.h
configure:4224: result: yes
configure:4224: checking for sys/wait.h
configure:4224: result: yes
configure:4224: checking for unistd.h
configure:4224: result: yes
configure:4237: checking for an ANSI C-conforming const
configure:4303: gcc -c -g -O2  conftest.c >&5
configure:4303: $? = 0
configure:4310: result: yes
configure:4318: checking for pid_t
configure:4318: gcc -c -g -O2  conftest.c >&5
configure:4318: $? = 0
configure:4318: gcc -c -g -O2  conftest.c >&5
conftest.c: In function 'main':
conftest.c:78:20: error: expected expression before ')' token
 if (sizeof ((pid_t)))
                    ^
configure:4318: $? = 1
configure: failed program was:
| /* confdefs.h */
| #define PACKAGE_NAME "spawn-fcgi"
| #define PACKAGE_TARNAME "spawn-fcgi"
| #define PACKAGE_VERSION "1.6.0"
| #define PACKAGE_STRING "spawn-fcgi 1.6.0"
| #define PACKAGE_BUGREPORT ""
| #define PACKAGE_URL ""
| #define PACKAGE "spawn-fcgi"
| #define VERSION "1.6.0"
| #define STDC_HEADERS 1
| #define HAVE_SYS_WAIT_H 1
| #define HAVE_SYS_TYPES_H 1
| #define HAVE_SYS_STAT_H 1
| #define HAVE_STDLIB_H 1
| #define HAVE_STRING_H 1
| #define HAVE_MEMORY_H 1
| #define HAVE_STRINGS_H 1
| #define HAVE_INTTYPES_H 1
| #define HAVE_STDINT_H 1
| #define HAVE_UNISTD_H 1
| #define HAVE_ARPA_INET_H 1
| #define HAVE_ERRNO_H 1
| #define HAVE_FCNTL_H 1
| #define HAVE_GETOPT_H 1
| #define HAVE_GRP_H 1
| #define HAVE_NETDB_H 1
| #define HAVE_NETINET_IN_H 1
| #define HAVE_NETINET_TCP_H 1
| #define HAVE_PWD_H 1
| #define HAVE_STDIO_H 1
| #define HAVE_STDLIB_H 1
| #define HAVE_STRING_H 1
| #define HAVE_SYS_IOCTL_H 1
| #define HAVE_SYS_SOCKET_H 1
| #define HAVE_SYS_STAT_H 1
| #define HAVE_SYS_TIME_H 1
| #define HAVE_SYS_TYPES_H 1
| #define HAVE_SYS_UN_H 1
| #define HAVE_SYS_WAIT_H 1
| #define HAVE_UNISTD_H 1
| /* end confdefs.h.  */
| #include <stdio.h>
| #ifdef HAVE_SYS_TYPES_H
| # include <sys/types.h>
| #endif
| #ifdef HAVE_SYS_STAT_H
| # include <sys/stat.h>
| #endif
| #ifdef STDC_HEADERS
| # include <stdlib.h>
| # include <stddef.h>
| #else
| # ifdef HAVE_STDLIB_H
| #  include <stdlib.h>
| # endif
| #endif
| #ifdef HAVE_STRING_H
| # if !defined STDC_HEADERS && defined HAVE_MEMORY_H
| #  include <memory.h>
| # endif
| # include <string.h>
| #endif
| #ifdef HAVE_STRINGS_H
| # include <strings.h>
| #endif
| #ifdef HAVE_INTTYPES_H
| # include <inttypes.h>
| #endif
| #ifdef HAVE_STDINT_H
| # include <stdint.h>
| #endif
| #ifdef HAVE_UNISTD_H
| # include <unistd.h>
| #endif
| int
| main ()
| {
| if (sizeof ((pid_t)))
| 	    return 0;
|   ;
|   return 0;
| }
configure:4318: result: yes
configure:4329: checking whether time.h and sys/time.h may both be included
configure:4349: gcc -c -g -O2  conftest.c >&5
configure:4349: $? = 0
configure:4356: result: yes
configure:4364: checking for socklen_t
configure:4364: gcc -c -g -O2  conftest.c >&5
configure:4364: $? = 0
configure:4364: gcc -c -g -O2  conftest.c >&5
conftest.c: In function 'main':
conftest.c:49:24: error: expected expression before ')' token
 if (sizeof ((socklen_t)))
                        ^
configure:4364: $? = 1
configure: failed program was:
| /* confdefs.h */
| #define PACKAGE_NAME "spawn-fcgi"
| #define PACKAGE_TARNAME "spawn-fcgi"
| #define PACKAGE_VERSION "1.6.0"
| #define PACKAGE_STRING "spawn-fcgi 1.6.0"
| #define PACKAGE_BUGREPORT ""
| #define PACKAGE_URL ""
| #define PACKAGE "spawn-fcgi"
| #define VERSION "1.6.0"
| #define STDC_HEADERS 1
| #define HAVE_SYS_WAIT_H 1
| #define HAVE_SYS_TYPES_H 1
| #define HAVE_SYS_STAT_H 1
| #define HAVE_STDLIB_H 1
| #define HAVE_STRING_H 1
| #define HAVE_MEMORY_H 1
| #define HAVE_STRINGS_H 1
| #define HAVE_INTTYPES_H 1
| #define HAVE_STDINT_H 1
| #define HAVE_UNISTD_H 1
| #define HAVE_ARPA_INET_H 1
| #define HAVE_ERRNO_H 1
| #define HAVE_FCNTL_H 1
| #define HAVE_GETOPT_H 1
| #define HAVE_GRP_H 1
| #define HAVE_NETDB_H 1
| #define HAVE_NETINET_IN_H 1
| #define HAVE_NETINET_TCP_H 1
| #define HAVE_PWD_H 1
| #define HAVE_STDIO_H 1
| #define HAVE_STDLIB_H 1
| #define HAVE_STRING_H 1
| #define HAVE_SYS_IOCTL_H 1
| #define HAVE_SYS_SOCKET_H 1
| #define HAVE_SYS_STAT_H 1
| #define HAVE_SYS_TIME_H 1
| #define HAVE_SYS_TYPES_H 1
| #define HAVE_SYS_UN_H 1
| #define HAVE_SYS_WAIT_H 1
| #define HAVE_UNISTD_H 1
| #define TIME_WITH_SYS_TIME 1
| /* end confdefs.h.  */
| #include <sys/types.h>
| #include <sys/socket.h>
| 
| int
| main ()
| {
| if (sizeof ((socklen_t)))
| 	    return 0;
|   ;
|   return 0;
| }
configure:4364: result: yes
configure:4380: checking vfork.h usability
configure:4380: gcc -c -g -O2  conftest.c >&5
conftest.c:77:19: fatal error: vfork.h: No such file or directory
 #include <vfork.h>
                   ^
compilation terminated.
configure:4380: $? = 1
configure: failed program was:
| /* confdefs.h */
| #define PACKAGE_NAME "spawn-fcgi"
| #define PACKAGE_TARNAME "spawn-fcgi"
| #define PACKAGE_VERSION "1.6.0"
| #define PACKAGE_STRING "spawn-fcgi 1.6.0"
| #define PACKAGE_BUGREPORT ""
| #define PACKAGE_URL ""
| #define PACKAGE "spawn-fcgi"
| #define VERSION "1.6.0"
| #define STDC_HEADERS 1
| #define HAVE_SYS_WAIT_H 1
| #define HAVE_SYS_TYPES_H 1
| #define HAVE_SYS_STAT_H 1
| #define HAVE_STDLIB_H 1
| #define HAVE_STRING_H 1
| #define HAVE_MEMORY_H 1
| #define HAVE_STRINGS_H 1
| #define HAVE_INTTYPES_H 1
| #define HAVE_STDINT_H 1
| #define HAVE_UNISTD_H 1
| #define HAVE_ARPA_INET_H 1
| #define HAVE_ERRNO_H 1
| #define HAVE_FCNTL_H 1
| #define HAVE_GETOPT_H 1
| #define HAVE_GRP_H 1
| #define HAVE_NETDB_H 1
| #define HAVE_NETINET_IN_H 1
| #define HAVE_NETINET_TCP_H 1
| #define HAVE_PWD_H 1
| #define HAVE_STDIO_H 1
| #define HAVE_STDLIB_H 1
| #define HAVE_STRING_H 1
| #define HAVE_SYS_IOCTL_H 1
| #define HAVE_SYS_SOCKET_H 1
| #define HAVE_SYS_STAT_H 1
| #define HAVE_SYS_TIME_H 1
| #define HAVE_SYS_TYPES_H 1
| #define HAVE_SYS_UN_H 1
| #define HAVE_SYS_WAIT_H 1
| #define HAVE_UNISTD_H 1
| #define TIME_WITH_SYS_TIME 1
| #define HAVE_SOCKLEN_T 1
| /* end confdefs.h.  */
| #include <stdio.h>
| #ifdef HAVE_SYS_TYPES_H
| # include <sys/types.h>
| #endif
| #ifdef HAVE_SYS_STAT_H
| # include <sys/stat.h>
| #endif
| #ifdef STDC_HEADERS
| # include <stdlib.h>
| # include <stddef.h>
| #else
| # ifdef HAVE_STDLIB_H
| #  include <stdlib.h>
| # endif
| #endif
| #ifdef HAVE_STRING_H
| # if !defined STDC_HEADERS && defined HAVE_MEMORY_H
| #  include <memory.h>
| # endif
| # include <string.h>
| #endif
| #ifdef HAVE_STRINGS_H
| # include <strings.h>
| #endif
| #ifdef HAVE_INTTYPES_H
| # include <inttypes.h>
| #endif
| #ifdef HAVE_STDINT_H
| # include <stdint.h>
| #endif
| #ifdef HAVE_UNISTD_H
| # include <unistd.h>
| #endif
| #include <vfork.h>
configure:4380: result: no
configure:4380: checking vfork.h presence
configure:4380: gcc -E  conftest.c
conftest.c:44:19: fatal error: vfork.h: No such file or directory
 #include <vfork.h>
                   ^
compilation terminated.
configure:4380: $? = 1
configure: failed program was:
| /* confdefs.h */
| #define PACKAGE_NAME "spawn-fcgi"
| #define PACKAGE_TARNAME "spawn-fcgi"
| #define PACKAGE_VERSION "1.6.0"
| #define PACKAGE_STRING "spawn-fcgi 1.6.0"
| #define PACKAGE_BUGREPORT ""
| #define PACKAGE_URL ""
| #define PACKAGE "spawn-fcgi"
| #define VERSION "1.6.0"
| #define STDC_HEADERS 1
| #define HAVE_SYS_WAIT_H 1
| #define HAVE_SYS_TYPES_H 1
| #define HAVE_SYS_STAT_H 1
| #define HAVE_STDLIB_H 1
| #define HAVE_STRING_H 1
| #define HAVE_MEMORY_H 1
| #define HAVE_STRINGS_H 1
| #define HAVE_INTTYPES_H 1
| #define HAVE_STDINT_H 1
| #define HAVE_UNISTD_H 1
| #define HAVE_ARPA_INET_H 1
| #define HAVE_ERRNO_H 1
| #define HAVE_FCNTL_H 1
| #define HAVE_GETOPT_H 1
| #define HAVE_GRP_H 1
| #define HAVE_NETDB_H 1
| #define HAVE_NETINET_IN_H 1
| #define HAVE_NETINET_TCP_H 1
| #define HAVE_PWD_H 1
| #define HAVE_STDIO_H 1
| #define HAVE_STDLIB_H 1
| #define HAVE_STRING_H 1
| #define HAVE_SYS_IOCTL_H 1
| #define HAVE_SYS_SOCKET_H 1
| #define HAVE_SYS_STAT_H 1
| #define HAVE_SYS_TIME_H 1
| #define HAVE_SYS_TYPES_H 1
| #define HAVE_SYS_UN_H 1
| #define HAVE_SYS_WAIT_H 1
| #define HAVE_UNISTD_H 1
| #define TIME_WITH_SYS_TIME 1
| #define HAVE_SOCKLEN_T 1
| /* end confdefs.h.  */
| #include <vfork.h>
configure:4380: result: no
configure:4380: checking for vfork.h
configure:4380: result: no
configure:4393: checking for fork
configure:4393: gcc -o conftest -g -O2   conftest.c  >&5
conftest.c:67:6: warning: conflicting types for built-in function 'fork' [enabled by default]
 char fork ();
      ^
configure:4393: $? = 0
configure:4393: result: yes
configure:4393: checking for vfork
configure:4393: gcc -o conftest -g -O2   conftest.c  >&5
configure:4393: $? = 0
configure:4393: result: yes
configure:4403: checking for working fork
configure:4425: gcc -o conftest -g -O2   conftest.c  >&5
configure:4425: $? = 0
configure:4425: ./conftest
configure:4425: $? = 0
configure:4435: result: yes
configure:4456: checking for working vfork
configure:4566: result: yes
configure:4593: checking for stdlib.h
configure:4593: result: yes
configure:4603: checking for GNU libc compatible malloc
configure:4627: gcc -o conftest -g -O2   conftest.c  >&5
configure:4627: $? = 0
configure:4627: ./conftest
configure:4627: $? = 0
configure:4637: result: yes
configure:4661: checking sys/select.h usability
configure:4661: gcc -c -g -O2  conftest.c >&5
configure:4661: $? = 0
configure:4661: result: yes
configure:4661: checking sys/select.h presence
configure:4661: gcc -E  conftest.c
configure:4661: $? = 0
configure:4661: result: yes
configure:4661: checking for sys/select.h
configure:4661: result: yes
configure:4661: checking for sys/socket.h
configure:4661: result: yes
configure:4671: checking types of arguments for select
configure:4699: gcc -c -g -O2  conftest.c >&5
configure:4699: $? = 0
configure:4710: result: int,fd_set *,struct timeval *
configure:4733: checking whether lstat correctly handles trailing slash
configure:4759: gcc -o conftest -g -O2   conftest.c  >&5
configure:4759: $? = 0
configure:4759: ./conftest
configure:4759: $? = 0
configure:4776: result: yes
configure:4795: checking whether stat accepts an empty string
configure:4815: gcc -o conftest -g -O2   conftest.c  >&5
configure:4815: $? = 0
configure:4815: ./conftest
configure:4815: $? = 0
configure:4825: result: no
configure:4844: checking for dup2
configure:4844: gcc -o conftest -g -O2   conftest.c  >&5
configure:4844: $? = 0
configure:4844: result: yes
configure:4844: checking for memset
configure:4844: gcc -o conftest -g -O2   conftest.c  >&5
conftest.c:80:6: warning: conflicting types for built-in function 'memset' [enabled by default]
 char memset ();
      ^
configure:4844: $? = 0
configure:4844: result: yes
configure:4844: checking for putenv
configure:4844: gcc -o conftest -g -O2   conftest.c  >&5
configure:4844: $? = 0
configure:4844: result: yes
configure:4844: checking for select
configure:4844: gcc -o conftest -g -O2   conftest.c  >&5
configure:4844: $? = 0
configure:4844: result: yes
configure:4844: checking for socket
configure:4844: gcc -o conftest -g -O2   conftest.c  >&5
configure:4844: $? = 0
configure:4844: result: yes
configure:4844: checking for strerror
configure:4844: gcc -o conftest -g -O2   conftest.c  >&5
configure:4844: $? = 0
configure:4844: result: yes
configure:4844: checking for strtol
configure:4844: gcc -o conftest -g -O2   conftest.c  >&5
configure:4844: $? = 0
configure:4844: result: yes
configure:4986: checking that generated files are newer than configure
configure:4992: result: done
configure:5015: creating ./config.status

## ---------------------- ##
## Running config.status. ##
## ---------------------- ##

This file was extended by spawn-fcgi config.status 1.6.0, which was
generated by GNU Autoconf 2.69.  Invocation command line was

  CONFIG_FILES    = 
  CONFIG_HEADERS  = 
  CONFIG_LINKS    = 
  CONFIG_COMMANDS = 
  $ ./config.status 

on VM-8-14-centos

config.status:895: creating Makefile
config.status:895: creating src/Makefile
config.status:895: creating config.h
config.status:1124: executing depfiles commands

## ---------------- ##
## Cache variables. ##
## ---------------- ##

ac_cv_c_compiler_gnu=yes
ac_cv_c_const=yes
ac_cv_env_CC_set=
ac_cv_env_CC_value=
ac_cv_env_CFLAGS_set=
ac_cv_env_CFLAGS_value=
ac_cv_env_CPPFLAGS_set=
ac_cv_env_CPPFLAGS_value=
ac_cv_env_CPP_set=
ac_cv_env_CPP_value=
ac_cv_env_LDFLAGS_set=
ac_cv_env_LDFLAGS_value=
ac_cv_env_LIBS_set=
ac_cv_env_LIBS_value=
ac_cv_env_build_alias_set=
ac_cv_env_build_alias_value=
ac_cv_env_host_alias_set=
ac_cv_env_host_alias_value=
ac_cv_env_target_alias_set=
ac_cv_env_target_alias_value=
ac_cv_func_dup2=yes
ac_cv_func_fork=yes
ac_cv_func_fork_works=yes
ac_cv_func_lstat_dereferences_slashed_symlink=yes
ac_cv_func_malloc_0_nonnull=yes
ac_cv_func_memset=yes
ac_cv_func_putenv=yes
ac_cv_func_select=yes
ac_cv_func_select_args='int,fd_set *,struct timeval *'
ac_cv_func_socket=yes
ac_cv_func_stat_empty_string_bug=no
ac_cv_func_strerror=yes
ac_cv_func_strtol=yes
ac_cv_func_vfork=yes
ac_cv_func_vfork_works=yes
ac_cv_header_arpa_inet_h=yes
ac_cv_header_errno_h=yes
ac_cv_header_fcntl_h=yes
ac_cv_header_getopt_h=yes
ac_cv_header_grp_h=yes
ac_cv_header_inttypes_h=yes
ac_cv_header_memory_h=yes
ac_cv_header_netdb_h=yes
ac_cv_header_netinet_in_h=yes
ac_cv_header_netinet_tcp_h=yes
ac_cv_header_pwd_h=yes
ac_cv_header_stdc=yes
ac_cv_header_stdint_h=yes
ac_cv_header_stdio_h=yes
ac_cv_header_stdlib_h=yes
ac_cv_header_string_h=yes
ac_cv_header_strings_h=yes
ac_cv_header_sys_ioctl_h=yes
ac_cv_header_sys_select_h=yes
ac_cv_header_sys_socket_h=yes
ac_cv_header_sys_stat_h=yes
ac_cv_header_sys_time_h=yes
ac_cv_header_sys_types_h=yes
ac_cv_header_sys_un_h=yes
ac_cv_header_sys_wait_h=yes
ac_cv_header_time=yes
ac_cv_header_unistd_h=yes
ac_cv_header_vfork_h=no
ac_cv_objext=o
ac_cv_path_EGREP='/usr/bin/grep -E'
ac_cv_path_GREP=/usr/bin/grep
ac_cv_path_install='/usr/bin/install -c'
ac_cv_path_mkdir=/usr/bin/mkdir
ac_cv_prog_AWK=gawk
ac_cv_prog_CPP='gcc -E'
ac_cv_prog_ac_ct_CC=gcc
ac_cv_prog_cc_c89=
ac_cv_prog_cc_g=yes
ac_cv_prog_make_make_set=yes
ac_cv_type_pid_t=yes
ac_cv_type_socklen_t=yes
am_cv_CC_dependencies_compiler_type=gcc3
am_cv_make_support_nested_variables=yes

## ----------------- ##
## Output variables. ##
## ----------------- ##

ACLOCAL='aclocal-1.13'
AMDEPBACKSLASH='\'
AMDEP_FALSE='#'
AMDEP_TRUE=''
AMTAR='$${TAR-tar}'
AM_BACKSLASH='\'
AM_DEFAULT_V='$(AM_DEFAULT_VERBOSITY)'
AM_DEFAULT_VERBOSITY='1'
AM_V='$(V)'
AUTOCONF='autoconf'
AUTOHEADER='autoheader'
AUTOMAKE='automake-1.13'
AWK='gawk'
CC='gcc'
CCDEPMODE='depmode=gcc3'
CFLAGS='-g -O2 -Wall -W -Wshadow -pedantic -std=gnu99'
CPP='gcc -E'
CPPFLAGS=''
CYGPATH_W='echo'
DEFS='-DHAVE_CONFIG_H'
DEPDIR='.deps'
ECHO_C=''
ECHO_N='-n'
ECHO_T=''
EGREP='/usr/bin/grep -E'
EXEEXT=''
GREP='/usr/bin/grep'
INSTALL_DATA='${INSTALL} -m 644'
INSTALL_PROGRAM='${INSTALL}'
INSTALL_SCRIPT='${INSTALL}'
INSTALL_STRIP_PROGRAM='$(install_sh) -c -s'
LDFLAGS=''
LIBOBJS=''
LIBS=''
LTLIBOBJS=''
MAKEINFO='makeinfo'
MKDIR_P='/usr/bin/mkdir -p'
OBJEXT='o'
PACKAGE='spawn-fcgi'
PACKAGE_BUGREPORT=''
PACKAGE_NAME='spawn-fcgi'
PACKAGE_STRING='spawn-fcgi 1.6.0'
PACKAGE_TARNAME='spawn-fcgi'
PACKAGE_URL=''
PACKAGE_VERSION='1.6.0'
PATH_SEPARATOR=':'
SET_MAKE=''
SHELL='/bin/sh'
STRIP=''
VERSION='1.6.0'
ac_ct_CC='gcc'
am__EXEEXT_FALSE=''
am__EXEEXT_TRUE='#'
am__fastdepCC_FALSE='#'
am__fastdepCC_TRUE=''
am__include='include'
am__isrc=''
am__leading_dot='.'
am__nodep='_no'
am__quote=''
am__tar='$${TAR-tar} chof - "$$tardir"'
am__untar='$${TAR-tar} xf -'
bindir='${exec_prefix}/bin'
build_alias=''
datadir='${datarootdir}'
datarootdir='${prefix}/share'
docdir='${datarootdir}/doc/${PACKAGE_TARNAME}'
dvidir='${docdir}'
exec_prefix='${prefix}'
host_alias=''
htmldir='${docdir}'
includedir='${prefix}/include'
infodir='${datarootdir}/info'
install_sh='${SHELL} /data/server/richMan/lib/package/spawn-fcgi-1.6.0/install-sh'
libdir='${exec_prefix}/lib'
libexecdir='${exec_prefix}/libexec'
localedir='${datarootdir}/locale'
localstatedir='${prefix}/var'
mandir='${datarootdir}/man'
mkdir_p='$(MKDIR_P)'
oldincludedir='/usr/include'
pdfdir='${docdir}'
prefix='/usr/local'
program_transform_name='s,x,x,'
psdir='${docdir}'
sbindir='${exec_prefix}/sbin'
sharedstatedir='${prefix}/com'
sysconfdir='${prefix}/etc'
target_alias=''

## ----------- ##
## confdefs.h. ##
## ----------- ##

/* confdefs.h */
#define PACKAGE_NAME "spawn-fcgi"
#define PACKAGE_TARNAME "spawn-fcgi"
#define PACKAGE_VERSION "1.6.0"
#define PACKAGE_STRING "spawn-fcgi 1.6.0"
#define PACKAGE_BUGREPORT ""
#define PACKAGE_URL ""
#define PACKAGE "spawn-fcgi"
#define VERSION "1.6.0"
#define STDC_HEADERS 1
#define HAVE_SYS_WAIT_H 1
#define HAVE_SYS_TYPES_H 1
#define HAVE_SYS_STAT_H 1
#define HAVE_STDLIB_H 1
#define HAVE_STRING_H 1
#define HAVE_MEMORY_H 1
#define HAVE_STRINGS_H 1
#define HAVE_INTTYPES_H 1
#define HAVE_STDINT_H 1
#define HAVE_UNISTD_H 1
#define HAVE_ARPA_INET_H 1
#define HAVE_ERRNO_H 1
#define HAVE_FCNTL_H 1
#define HAVE_GETOPT_H 1
#define HAVE_GRP_H 1
#define HAVE_NETDB_H 1
#define HAVE_NETINET_IN_H 1
#define HAVE_NETINET_TCP_H 1
#define HAVE_PWD_H 1
#define HAVE_STDIO_H 1
#define HAVE_STDLIB_H 1
#define HAVE_STRING_H 1
#define HAVE_SYS_IOCTL_H 1
#define HAVE_SYS_SOCKET_H 1
#define HAVE_SYS_STAT_H 1
#define HAVE_SYS_TIME_H 1
#define HAVE_SYS_TYPES_H 1
#define HAVE_SYS_UN_H 1
#define HAVE_SYS_WAIT_H 1
#define HAVE_UNISTD_H 1
#define TIME_WITH_SYS_TIME 1
#define HAVE_SOCKLEN_T 1
#define HAVE_FORK 1
#define HAVE_VFORK 1
#define HAVE_WORKING_VFORK 1
#define HAVE_WORKING_FORK 1
#define HAVE_STDLIB_H 1
#define HAVE_MALLOC 1
#define HAVE_SYS_SELECT_H 1
#define HAVE_SYS_SOCKET_H 1
#define SELECT_TYPE_ARG1 int
#define SELECT_TYPE_ARG234 (fd_set *)
#define SELECT_TYPE_ARG5 (struct timeval *)
#define LSTAT_FOLLOWS_SLASHED_SYMLINK 1
#define HAVE_DUP2 1
#define HAVE_MEMSET 1
#define HAVE_PUTENV 1
#define HAVE_SELECT 1
#define HAVE_SOCKET 1
#define HAVE_STRERROR 1
#define HAVE_STRTOL 1

configure: exit 0
